; Listing generated by Microsoft (R) Optimizing Compiler Version 14.00.50727.762 

	TITLE	C:\Users\cc\source\repos\Singularity-OS\base\Kernel\Native\GCTracing.cpp
	.686P
	.XMM
	include listing.inc
	.model	flat

INCLUDELIB LIBCMT
INCLUDELIB OLDNAMES

PUBLIC	?g_LogFunction@Class_Microsoft_Singularity_GCProfilerLogger_ProfilerBuffer@@SIXIPAUuintPtr@@@Z ; Class_Microsoft_Singularity_GCProfilerLogger_ProfilerBuffer::g_LogFunction
EXTRN	?InternalLogFixedRecord@@YIPAU_MEMORY_HEADER@@PAUuintPtr@@I0PAXI@Z:PROC ; InternalLogFixedRecord
EXTRN	?c_TypeStorageHandle@Class_Microsoft_Singularity_GCProfilerLogger@@2IA:DWORD ; Class_Microsoft_Singularity_GCProfilerLogger::c_TypeStorageHandle
EXTRN	?Handle_GC_FUNCTION@@3PAUuintPtr@@A:DWORD	; Handle_GC_FUNCTION
; Function compile flags: /Ogtp
; File c:\users\cc\source\repos\singularity-os\base\kernel\native\gctracing.cpp
;	COMDAT ?g_LogFunction@Class_Microsoft_Singularity_GCProfilerLogger_ProfilerBuffer@@SIXIPAUuintPtr@@@Z
_TEXT	SEGMENT
_entry$ = -8						; size = 8
?g_LogFunction@Class_Microsoft_Singularity_GCProfilerLogger_ProfilerBuffer@@SIXIPAUuintPtr@@@Z PROC ; Class_Microsoft_Singularity_GCProfilerLogger_ProfilerBuffer::g_LogFunction, COMDAT
; _funcNo$ = ecx
; _eip$ = edx

; 17   : {

  00000	55		 push	 ebp
  00001	8b ec		 mov	 ebp, esp
  00003	83 ec 08	 sub	 esp, 8

; 18   :     GC_FUNCTION entry = {funcNo, eip};
; 19   :     InternalLogFixedRecord((UIntPtr)Class_Microsoft_Singularity_GCProfilerLogger::c_TypeStorageHandle,
; 20   :                            0, Handle_GC_FUNCTION, &entry, sizeof(entry));

  00006	6a 08		 push	 8
  00008	89 4d f8	 mov	 DWORD PTR _entry$[ebp], ecx
  0000b	8b 0d 00 00 00
	00		 mov	 ecx, DWORD PTR ?Handle_GC_FUNCTION@@3PAUuintPtr@@A ; Handle_GC_FUNCTION
  00011	8d 45 f8	 lea	 eax, DWORD PTR _entry$[ebp]
  00014	50		 push	 eax
  00015	89 55 fc	 mov	 DWORD PTR _entry$[ebp+4], edx
  00018	51		 push	 ecx
  00019	8b 0d 00 00 00
	00		 mov	 ecx, DWORD PTR ?c_TypeStorageHandle@Class_Microsoft_Singularity_GCProfilerLogger@@2IA ; Class_Microsoft_Singularity_GCProfilerLogger::c_TypeStorageHandle
  0001f	33 d2		 xor	 edx, edx
  00021	e8 00 00 00 00	 call	 ?InternalLogFixedRecord@@YIPAU_MEMORY_HEADER@@PAUuintPtr@@I0PAXI@Z ; InternalLogFixedRecord

; 21   : }

  00026	8b e5		 mov	 esp, ebp
  00028	5d		 pop	 ebp
  00029	c3		 ret	 0
?g_LogFunction@Class_Microsoft_Singularity_GCProfilerLogger_ProfilerBuffer@@SIXIPAUuintPtr@@@Z ENDP ; Class_Microsoft_Singularity_GCProfilerLogger_ProfilerBuffer::g_LogFunction
_TEXT	ENDS
PUBLIC	?g_LogAllocation@Class_Microsoft_Singularity_GCProfilerLogger_ProfilerBuffer@@SIXHPAUuintPtr@@I@Z ; Class_Microsoft_Singularity_GCProfilerLogger_ProfilerBuffer::g_LogAllocation
EXTRN	?c_StorageHandle@Class_Microsoft_Singularity_GCProfilerLogger@@2IA:DWORD ; Class_Microsoft_Singularity_GCProfilerLogger::c_StorageHandle
EXTRN	?Handle_GC_ALLOCATION@@3PAUuintPtr@@A:DWORD	; Handle_GC_ALLOCATION
; Function compile flags: /Ogtp
;	COMDAT ?g_LogAllocation@Class_Microsoft_Singularity_GCProfilerLogger_ProfilerBuffer@@SIXHPAUuintPtr@@I@Z
_TEXT	SEGMENT
_entry$ = -12						; size = 12
_stkNo$ = 8						; size = 4
?g_LogAllocation@Class_Microsoft_Singularity_GCProfilerLogger_ProfilerBuffer@@SIXHPAUuintPtr@@I@Z PROC ; Class_Microsoft_Singularity_GCProfilerLogger_ProfilerBuffer::g_LogAllocation, COMDAT
; _threadId$ = ecx
; _objectAddress$ = edx

; 26   : {

  00000	55		 push	 ebp
  00001	8b ec		 mov	 ebp, esp
  00003	83 ec 0c	 sub	 esp, 12			; 0000000cH

; 27   :     GC_ALLOCATION entry = {threadId, stkNo, objectAddress};

  00006	8b 45 08	 mov	 eax, DWORD PTR _stkNo$[ebp]
  00009	89 4d f4	 mov	 DWORD PTR _entry$[ebp], ecx

; 28   :     InternalLogFixedRecord((UIntPtr)Class_Microsoft_Singularity_GCProfilerLogger::c_StorageHandle,
; 29   :                             0, Handle_GC_ALLOCATION, &entry, sizeof(entry));

  0000c	6a 0c		 push	 12			; 0000000cH
  0000e	89 55 fc	 mov	 DWORD PTR _entry$[ebp+8], edx
  00011	8b 15 00 00 00
	00		 mov	 edx, DWORD PTR ?Handle_GC_ALLOCATION@@3PAUuintPtr@@A ; Handle_GC_ALLOCATION
  00017	8d 4d f4	 lea	 ecx, DWORD PTR _entry$[ebp]
  0001a	51		 push	 ecx
  0001b	8b 0d 00 00 00
	00		 mov	 ecx, DWORD PTR ?c_StorageHandle@Class_Microsoft_Singularity_GCProfilerLogger@@2IA ; Class_Microsoft_Singularity_GCProfilerLogger::c_StorageHandle
  00021	52		 push	 edx
  00022	33 d2		 xor	 edx, edx
  00024	89 45 f8	 mov	 DWORD PTR _entry$[ebp+4], eax
  00027	e8 00 00 00 00	 call	 ?InternalLogFixedRecord@@YIPAU_MEMORY_HEADER@@PAUuintPtr@@I0PAXI@Z ; InternalLogFixedRecord

; 30   : }

  0002c	8b e5		 mov	 esp, ebp
  0002e	5d		 pop	 ebp
  0002f	c2 04 00	 ret	 4
?g_LogAllocation@Class_Microsoft_Singularity_GCProfilerLogger_ProfilerBuffer@@SIXHPAUuintPtr@@I@Z ENDP ; Class_Microsoft_Singularity_GCProfilerLogger_ProfilerBuffer::g_LogAllocation
_TEXT	ENDS
PUBLIC	?g_LogStack@Class_Microsoft_Singularity_GCProfilerLogger_ProfilerBuffer@@SIXIIPAUuintPtr@@IPAI@Z ; Class_Microsoft_Singularity_GCProfilerLogger_ProfilerBuffer::g_LogStack
EXTRN	?InternalLogVariableRecord@@YIPAU_MEMORY_HEADER@@_NPAUuintPtr@@I1PAXIHPAUStruct_Microsoft_Singularity_Eventing_ArrayType@@@Z:PROC ; InternalLogVariableRecord
EXTRN	?Handle_GC_STACK@@3PAUuintPtr@@A:DWORD		; Handle_GC_STACK
; Function compile flags: /Ogtp
;	COMDAT ?g_LogStack@Class_Microsoft_Singularity_GCProfilerLogger_ProfilerBuffer@@SIXIIPAUuintPtr@@IPAI@Z
_TEXT	SEGMENT
_entry$ = -28						; size = 16
_array$ = -12						; size = 12
_size$ = 8						; size = 4
_stackSize$ = 12					; size = 4
_funcIDs$ = 16						; size = 4
?g_LogStack@Class_Microsoft_Singularity_GCProfilerLogger_ProfilerBuffer@@SIXIIPAUuintPtr@@IPAI@Z PROC ; Class_Microsoft_Singularity_GCProfilerLogger_ProfilerBuffer::g_LogStack, COMDAT
; _stackNo$ = ecx
; _typeNo$ = edx

; 34   : {

  00000	55		 push	 ebp
  00001	8b ec		 mov	 ebp, esp
  00003	83 ec 1c	 sub	 esp, 28			; 0000001cH

; 35   :     GC_STACK entry = {stackNo, typeNo, (uint32)size, 1};

  00006	8b 45 08	 mov	 eax, DWORD PTR _size$[ebp]
  00009	89 55 e8	 mov	 DWORD PTR _entry$[ebp+4], edx

; 36   : 
; 37   :     Struct_Microsoft_Singularity_Eventing_ArrayType array[] = {
; 38   :         {(uint16)(stackSize * sizeof(uint32)),

  0000c	8b 55 0c	 mov	 edx, DWORD PTR _stackSize$[ebp]
  0000f	89 45 ec	 mov	 DWORD PTR _entry$[ebp+8], eax
  00012	8d 04 95 00 00
	00 00		 lea	 eax, DWORD PTR [edx*4]

; 39   :          sizeof(uint32),
; 40   :          Class_Microsoft_Singularity_Eventing_DataType___arrayType,
; 41   :          funcIDs}};

  00019	8b 55 10	 mov	 edx, DWORD PTR _funcIDs$[ebp]
  0001c	66 89 45 f4	 mov	 WORD PTR _array$[ebp], ax

; 42   : 
; 43   :     InternalLogVariableRecord(true,
; 44   :                               (UIntPtr)Class_Microsoft_Singularity_GCProfilerLogger::c_TypeStorageHandle,
; 45   :                               0,
; 46   :                               Handle_GC_STACK,
; 47   :                               &entry,
; 48   :                               sizeof(entry),
; 49   :                               sizeof(array)/sizeof(array[0]),
; 50   :                               array);

  00020	8d 45 f4	 lea	 eax, DWORD PTR _array$[ebp]
  00023	50		 push	 eax
  00024	a1 00 00 00 00	 mov	 eax, DWORD PTR ?Handle_GC_STACK@@3PAUuintPtr@@A ; Handle_GC_STACK
  00029	89 4d e4	 mov	 DWORD PTR _entry$[ebp], ecx
  0002c	b9 01 00 00 00	 mov	 ecx, 1
  00031	51		 push	 ecx
  00032	89 55 fc	 mov	 DWORD PTR _array$[ebp+8], edx
  00035	6a 10		 push	 16			; 00000010H
  00037	8d 55 e4	 lea	 edx, DWORD PTR _entry$[ebp]
  0003a	52		 push	 edx
  0003b	8b 15 00 00 00
	00		 mov	 edx, DWORD PTR ?c_TypeStorageHandle@Class_Microsoft_Singularity_GCProfilerLogger@@2IA ; Class_Microsoft_Singularity_GCProfilerLogger::c_TypeStorageHandle
  00041	50		 push	 eax
  00042	6a 00		 push	 0
  00044	66 89 4d f0	 mov	 WORD PTR _entry$[ebp+12], cx
  00048	66 c7 45 f6 04
	00		 mov	 WORD PTR _array$[ebp+2], 4
  0004e	c7 45 f8 00 80
	00 00		 mov	 DWORD PTR _array$[ebp+4], 32768 ; 00008000H
  00055	e8 00 00 00 00	 call	 ?InternalLogVariableRecord@@YIPAU_MEMORY_HEADER@@_NPAUuintPtr@@I1PAXIHPAUStruct_Microsoft_Singularity_Eventing_ArrayType@@@Z ; InternalLogVariableRecord

; 51   : }

  0005a	8b e5		 mov	 esp, ebp
  0005c	5d		 pop	 ebp
  0005d	c2 0c 00	 ret	 12			; 0000000cH
?g_LogStack@Class_Microsoft_Singularity_GCProfilerLogger_ProfilerBuffer@@SIXIIPAUuintPtr@@IPAI@Z ENDP ; Class_Microsoft_Singularity_GCProfilerLogger_ProfilerBuffer::g_LogStack
_TEXT	ENDS
PUBLIC	?g_LogInterval@Class_Microsoft_Singularity_GCProfilerLogger_ProfilerBuffer@@SIX_K@Z ; Class_Microsoft_Singularity_GCProfilerLogger_ProfilerBuffer::g_LogInterval
EXTRN	?Handle_GC_INTERVAL@@3PAUuintPtr@@A:DWORD	; Handle_GC_INTERVAL
; Function compile flags: /Ogtp
;	COMDAT ?g_LogInterval@Class_Microsoft_Singularity_GCProfilerLogger_ProfilerBuffer@@SIX_K@Z
_TEXT	SEGMENT
_entry$ = -8						; size = 8
_Delta$ = 8						; size = 8
?g_LogInterval@Class_Microsoft_Singularity_GCProfilerLogger_ProfilerBuffer@@SIX_K@Z PROC ; Class_Microsoft_Singularity_GCProfilerLogger_ProfilerBuffer::g_LogInterval, COMDAT

; 55   : {

  00000	55		 push	 ebp
  00001	8b ec		 mov	 ebp, esp
  00003	83 ec 08	 sub	 esp, 8

; 56   :     GC_INTERVAL entry = {Delta};

  00006	8b 45 08	 mov	 eax, DWORD PTR _Delta$[ebp]
  00009	8b 4d 0c	 mov	 ecx, DWORD PTR _Delta$[ebp+4]

; 57   :     InternalLogFixedRecord((UIntPtr)Class_Microsoft_Singularity_GCProfilerLogger::c_StorageHandle,
; 58   :                            0, Handle_GC_INTERVAL, &entry, sizeof(entry));

  0000c	6a 08		 push	 8
  0000e	8d 55 f8	 lea	 edx, DWORD PTR _entry$[ebp]
  00011	89 45 f8	 mov	 DWORD PTR _entry$[ebp], eax
  00014	a1 00 00 00 00	 mov	 eax, DWORD PTR ?Handle_GC_INTERVAL@@3PAUuintPtr@@A ; Handle_GC_INTERVAL
  00019	52		 push	 edx
  0001a	89 4d fc	 mov	 DWORD PTR _entry$[ebp+4], ecx
  0001d	8b 0d 00 00 00
	00		 mov	 ecx, DWORD PTR ?c_StorageHandle@Class_Microsoft_Singularity_GCProfilerLogger@@2IA ; Class_Microsoft_Singularity_GCProfilerLogger::c_StorageHandle
  00023	50		 push	 eax
  00024	33 d2		 xor	 edx, edx
  00026	e8 00 00 00 00	 call	 ?InternalLogFixedRecord@@YIPAU_MEMORY_HEADER@@PAUuintPtr@@I0PAXI@Z ; InternalLogFixedRecord

; 59   : }

  0002b	8b e5		 mov	 esp, ebp
  0002d	5d		 pop	 ebp
  0002e	c2 08 00	 ret	 8
?g_LogInterval@Class_Microsoft_Singularity_GCProfilerLogger_ProfilerBuffer@@SIX_K@Z ENDP ; Class_Microsoft_Singularity_GCProfilerLogger_ProfilerBuffer::g_LogInterval
_TEXT	ENDS
PUBLIC	?g_LogType@Class_Microsoft_Singularity_GCProfilerLogger_ProfilerBuffer@@SIXIPAUClass_System_String@@@Z ; Class_Microsoft_Singularity_GCProfilerLogger_ProfilerBuffer::g_LogType
EXTRN	?Handle_GC_TYPE@@3PAUuintPtr@@A:DWORD		; Handle_GC_TYPE
; Function compile flags: /Ogtp
;	COMDAT ?g_LogType@Class_Microsoft_Singularity_GCProfilerLogger_ProfilerBuffer@@SIXIPAUClass_System_String@@@Z
_TEXT	SEGMENT
_array$ = -20						; size = 12
_entry$ = -8						; size = 8
?g_LogType@Class_Microsoft_Singularity_GCProfilerLogger_ProfilerBuffer@@SIXIPAUClass_System_String@@@Z PROC ; Class_Microsoft_Singularity_GCProfilerLogger_ProfilerBuffer::g_LogType, COMDAT
; _typeId$ = ecx
; _typeName$ = edx

; 64   : {

  00000	55		 push	 ebp
  00001	8b ec		 mov	 ebp, esp
  00003	83 ec 14	 sub	 esp, 20			; 00000014H

; 65   :     GC_TYPE entry = {typeId, 1};
; 66   : 
; 67   :     Struct_Microsoft_Singularity_Eventing_ArrayType array[] = {
; 68   :         {typeName->m_stringLength,

  00006	66 8b 42 08	 mov	 ax, WORD PTR [edx+8]

; 69   :          sizeof(char),
; 70   :          Class_Microsoft_Singularity_Eventing_DataType___string,
; 71   :          &typeName->m_firstChar}};

  0000a	83 c2 0c	 add	 edx, 12			; 0000000cH
  0000d	89 55 f4	 mov	 DWORD PTR _array$[ebp+8], edx

; 72   : 
; 73   :     InternalLogVariableRecord(true,
; 74   :                               (UIntPtr)Class_Microsoft_Singularity_GCProfilerLogger::c_TypeStorageHandle,
; 75   :                               0,
; 76   :                               Handle_GC_TYPE,
; 77   :                               &entry,
; 78   :                               sizeof(entry),
; 79   :                               sizeof(array)/sizeof(array[0]),
; 80   :                               array);

  00010	8d 55 ec	 lea	 edx, DWORD PTR _array$[ebp]
  00013	52		 push	 edx
  00014	8b 15 00 00 00
	00		 mov	 edx, DWORD PTR ?Handle_GC_TYPE@@3PAUuintPtr@@A ; Handle_GC_TYPE
  0001a	89 4d f8	 mov	 DWORD PTR _entry$[ebp], ecx
  0001d	b9 01 00 00 00	 mov	 ecx, 1
  00022	51		 push	 ecx
  00023	6a 08		 push	 8
  00025	66 89 45 ec	 mov	 WORD PTR _array$[ebp], ax
  00029	8d 45 f8	 lea	 eax, DWORD PTR _entry$[ebp]
  0002c	50		 push	 eax
  0002d	52		 push	 edx
  0002e	8b 15 00 00 00
	00		 mov	 edx, DWORD PTR ?c_TypeStorageHandle@Class_Microsoft_Singularity_GCProfilerLogger@@2IA ; Class_Microsoft_Singularity_GCProfilerLogger::c_TypeStorageHandle
  00034	6a 00		 push	 0
  00036	66 89 4d fc	 mov	 WORD PTR _entry$[ebp+4], cx
  0003a	66 89 4d ee	 mov	 WORD PTR _array$[ebp+2], cx
  0003e	c7 45 f0 00 40
	00 00		 mov	 DWORD PTR _array$[ebp+4], 16384 ; 00004000H
  00045	e8 00 00 00 00	 call	 ?InternalLogVariableRecord@@YIPAU_MEMORY_HEADER@@_NPAUuintPtr@@I1PAXIHPAUStruct_Microsoft_Singularity_Eventing_ArrayType@@@Z ; InternalLogVariableRecord

; 81   : }

  0004a	8b e5		 mov	 esp, ebp
  0004c	5d		 pop	 ebp
  0004d	c3		 ret	 0
?g_LogType@Class_Microsoft_Singularity_GCProfilerLogger_ProfilerBuffer@@SIXIPAUClass_System_String@@@Z ENDP ; Class_Microsoft_Singularity_GCProfilerLogger_ProfilerBuffer::g_LogType
_TEXT	ENDS
PUBLIC	?g_LogObject@Class_Microsoft_Singularity_GCProfilerLogger_ProfilerBuffer@@SIXIPAPAUuintPtr@@@Z ; Class_Microsoft_Singularity_GCProfilerLogger_ProfilerBuffer::g_LogObject
EXTRN	?Handle_GC_OBJECT@@3PAUuintPtr@@A:DWORD		; Handle_GC_OBJECT
; Function compile flags: /Ogtp
;	COMDAT ?g_LogObject@Class_Microsoft_Singularity_GCProfilerLogger_ProfilerBuffer@@SIXIPAPAUuintPtr@@@Z
_TEXT	SEGMENT
_array$ = -16						; size = 12
_entry$ = -4						; size = 2
?g_LogObject@Class_Microsoft_Singularity_GCProfilerLogger_ProfilerBuffer@@SIXIPAPAUuintPtr@@@Z PROC ; Class_Microsoft_Singularity_GCProfilerLogger_ProfilerBuffer::g_LogObject, COMDAT
; _ArraySize$ = ecx
; _objectParameters$ = edx

; 85   : {

  00000	55		 push	 ebp
  00001	8b ec		 mov	 ebp, esp
  00003	83 ec 10	 sub	 esp, 16			; 00000010H

; 86   :     GC_OBJECT entry = {1};
; 87   : 
; 88   :     Struct_Microsoft_Singularity_Eventing_ArrayType array[] = {
; 89   :         {(uint16)(ArraySize * sizeof(UIntPtr)),

  00006	8d 04 8d 00 00
	00 00		 lea	 eax, DWORD PTR [ecx*4]

; 90   :          sizeof(UIntPtr),
; 91   :          Class_Microsoft_Singularity_Eventing_DataType___arrayType,
; 92   :          objectParameters}};
; 93   : 
; 94   :     InternalLogVariableRecord(true,
; 95   :                               (UIntPtr)Class_Microsoft_Singularity_GCProfilerLogger::c_StorageHandle,
; 96   :                               0,
; 97   :                               Handle_GC_OBJECT,
; 98   :                               &entry,
; 99   :                               sizeof(entry),
; 100  :                               sizeof(array)/sizeof(array[0]),
; 101  :                               array);

  0000d	8d 4d f0	 lea	 ecx, DWORD PTR _array$[ebp]
  00010	51		 push	 ecx
  00011	6a 01		 push	 1
  00013	89 55 f8	 mov	 DWORD PTR _array$[ebp+8], edx
  00016	6a 02		 push	 2
  00018	8d 55 fc	 lea	 edx, DWORD PTR _entry$[ebp]
  0001b	52		 push	 edx
  0001c	8b 15 00 00 00
	00		 mov	 edx, DWORD PTR ?c_StorageHandle@Class_Microsoft_Singularity_GCProfilerLogger@@2IA ; Class_Microsoft_Singularity_GCProfilerLogger::c_StorageHandle
  00022	66 89 45 f0	 mov	 WORD PTR _array$[ebp], ax
  00026	a1 00 00 00 00	 mov	 eax, DWORD PTR ?Handle_GC_OBJECT@@3PAUuintPtr@@A ; Handle_GC_OBJECT
  0002b	50		 push	 eax
  0002c	6a 00		 push	 0
  0002e	b1 01		 mov	 cl, 1
  00030	66 c7 45 fc 01
	00		 mov	 WORD PTR _entry$[ebp], 1
  00036	66 c7 45 f2 04
	00		 mov	 WORD PTR _array$[ebp+2], 4
  0003c	c7 45 f4 00 80
	00 00		 mov	 DWORD PTR _array$[ebp+4], 32768 ; 00008000H
  00043	e8 00 00 00 00	 call	 ?InternalLogVariableRecord@@YIPAU_MEMORY_HEADER@@_NPAUuintPtr@@I1PAXIHPAUStruct_Microsoft_Singularity_Eventing_ArrayType@@@Z ; InternalLogVariableRecord

; 102  : }

  00048	8b e5		 mov	 esp, ebp
  0004a	5d		 pop	 ebp
  0004b	c3		 ret	 0
?g_LogObject@Class_Microsoft_Singularity_GCProfilerLogger_ProfilerBuffer@@SIXIPAPAUuintPtr@@@Z ENDP ; Class_Microsoft_Singularity_GCProfilerLogger_ProfilerBuffer::g_LogObject
_TEXT	ENDS
PUBLIC	?g_LogGenerations@Class_Microsoft_Singularity_GCProfilerLogger_ProfilerBuffer@@SIXHPAH@Z ; Class_Microsoft_Singularity_GCProfilerLogger_ProfilerBuffer::g_LogGenerations
EXTRN	?Handle_GC_GENERATIONS@@3PAUuintPtr@@A:DWORD	; Handle_GC_GENERATIONS
; Function compile flags: /Ogtp
;	COMDAT ?g_LogGenerations@Class_Microsoft_Singularity_GCProfilerLogger_ProfilerBuffer@@SIXHPAH@Z
_TEXT	SEGMENT
_array$ = -16						; size = 12
_entry$ = -4						; size = 2
?g_LogGenerations@Class_Microsoft_Singularity_GCProfilerLogger_ProfilerBuffer@@SIXHPAH@Z PROC ; Class_Microsoft_Singularity_GCProfilerLogger_ProfilerBuffer::g_LogGenerations, COMDAT
; _maxGeneration$ = ecx
; _generations$ = edx

; 106  : {

  00000	55		 push	 ebp
  00001	8b ec		 mov	 ebp, esp
  00003	83 ec 10	 sub	 esp, 16			; 00000010H

; 107  :     GC_GENERATIONS entry = {1};
; 108  : 
; 109  :     Struct_Microsoft_Singularity_Eventing_ArrayType array[] = {
; 110  :         {(uint16)(maxGeneration * sizeof(int32)),

  00006	8d 04 8d 00 00
	00 00		 lea	 eax, DWORD PTR [ecx*4]

; 111  :          sizeof(int32),
; 112  :          Class_Microsoft_Singularity_Eventing_DataType___arrayType,
; 113  :          generations}};
; 114  : 
; 115  :     InternalLogVariableRecord(true,
; 116  :                               (UIntPtr)Class_Microsoft_Singularity_GCProfilerLogger::c_StorageHandle,
; 117  :                               0,
; 118  :                               Handle_GC_GENERATIONS,
; 119  :                               &entry,
; 120  :                               sizeof(entry),
; 121  :                               sizeof(array)/sizeof(array[0]),
; 122  :                               array);

  0000d	8d 4d f0	 lea	 ecx, DWORD PTR _array$[ebp]
  00010	51		 push	 ecx
  00011	6a 01		 push	 1
  00013	89 55 f8	 mov	 DWORD PTR _array$[ebp+8], edx
  00016	6a 02		 push	 2
  00018	8d 55 fc	 lea	 edx, DWORD PTR _entry$[ebp]
  0001b	52		 push	 edx
  0001c	8b 15 00 00 00
	00		 mov	 edx, DWORD PTR ?c_StorageHandle@Class_Microsoft_Singularity_GCProfilerLogger@@2IA ; Class_Microsoft_Singularity_GCProfilerLogger::c_StorageHandle
  00022	66 89 45 f0	 mov	 WORD PTR _array$[ebp], ax
  00026	a1 00 00 00 00	 mov	 eax, DWORD PTR ?Handle_GC_GENERATIONS@@3PAUuintPtr@@A ; Handle_GC_GENERATIONS
  0002b	50		 push	 eax
  0002c	6a 00		 push	 0
  0002e	b1 01		 mov	 cl, 1
  00030	66 c7 45 fc 01
	00		 mov	 WORD PTR _entry$[ebp], 1
  00036	66 c7 45 f2 04
	00		 mov	 WORD PTR _array$[ebp+2], 4
  0003c	c7 45 f4 00 80
	00 00		 mov	 DWORD PTR _array$[ebp+4], 32768 ; 00008000H
  00043	e8 00 00 00 00	 call	 ?InternalLogVariableRecord@@YIPAU_MEMORY_HEADER@@_NPAUuintPtr@@I1PAXIHPAUStruct_Microsoft_Singularity_Eventing_ArrayType@@@Z ; InternalLogVariableRecord

; 123  : }

  00048	8b e5		 mov	 esp, ebp
  0004a	5d		 pop	 ebp
  0004b	c3		 ret	 0
?g_LogGenerations@Class_Microsoft_Singularity_GCProfilerLogger_ProfilerBuffer@@SIXHPAH@Z ENDP ; Class_Microsoft_Singularity_GCProfilerLogger_ProfilerBuffer::g_LogGenerations
_TEXT	ENDS
PUBLIC	?g_LogRoots@Class_Microsoft_Singularity_GCProfilerLogger_ProfilerBuffer@@SIXIPAPAUuintPtr@@@Z ; Class_Microsoft_Singularity_GCProfilerLogger_ProfilerBuffer::g_LogRoots
EXTRN	?Handle_GC_ROOTS@@3PAUuintPtr@@A:DWORD		; Handle_GC_ROOTS
; Function compile flags: /Ogtp
;	COMDAT ?g_LogRoots@Class_Microsoft_Singularity_GCProfilerLogger_ProfilerBuffer@@SIXIPAPAUuintPtr@@@Z
_TEXT	SEGMENT
_array$ = -16						; size = 12
_entry$ = -4						; size = 2
?g_LogRoots@Class_Microsoft_Singularity_GCProfilerLogger_ProfilerBuffer@@SIXIPAPAUuintPtr@@@Z PROC ; Class_Microsoft_Singularity_GCProfilerLogger_ProfilerBuffer::g_LogRoots, COMDAT
; _ArraySize$ = ecx
; _objectRoots$ = edx

; 127  : {

  00000	55		 push	 ebp
  00001	8b ec		 mov	 ebp, esp
  00003	83 ec 10	 sub	 esp, 16			; 00000010H

; 128  :     GC_ROOTS entry = {1};
; 129  : 
; 130  :     Struct_Microsoft_Singularity_Eventing_ArrayType array[] = {
; 131  :         {(uint16)(ArraySize * sizeof(UIntPtr)),

  00006	8d 04 8d 00 00
	00 00		 lea	 eax, DWORD PTR [ecx*4]

; 132  :          sizeof(UIntPtr),
; 133  :          Class_Microsoft_Singularity_Eventing_DataType___arrayType,
; 134  :          objectRoots}};
; 135  : 
; 136  :     InternalLogVariableRecord(true,
; 137  :                               (UIntPtr)Class_Microsoft_Singularity_GCProfilerLogger::c_StorageHandle,
; 138  :                               0,
; 139  :                               Handle_GC_ROOTS,
; 140  :                               &entry,
; 141  :                               sizeof(entry),
; 142  :                               sizeof(array)/sizeof(array[0]),
; 143  :                               array);

  0000d	8d 4d f0	 lea	 ecx, DWORD PTR _array$[ebp]
  00010	51		 push	 ecx
  00011	6a 01		 push	 1
  00013	89 55 f8	 mov	 DWORD PTR _array$[ebp+8], edx
  00016	6a 02		 push	 2
  00018	8d 55 fc	 lea	 edx, DWORD PTR _entry$[ebp]
  0001b	52		 push	 edx
  0001c	8b 15 00 00 00
	00		 mov	 edx, DWORD PTR ?c_StorageHandle@Class_Microsoft_Singularity_GCProfilerLogger@@2IA ; Class_Microsoft_Singularity_GCProfilerLogger::c_StorageHandle
  00022	66 89 45 f0	 mov	 WORD PTR _array$[ebp], ax
  00026	a1 00 00 00 00	 mov	 eax, DWORD PTR ?Handle_GC_ROOTS@@3PAUuintPtr@@A ; Handle_GC_ROOTS
  0002b	50		 push	 eax
  0002c	6a 00		 push	 0
  0002e	b1 01		 mov	 cl, 1
  00030	66 c7 45 fc 01
	00		 mov	 WORD PTR _entry$[ebp], 1
  00036	66 c7 45 f2 04
	00		 mov	 WORD PTR _array$[ebp+2], 4
  0003c	c7 45 f4 00 80
	00 00		 mov	 DWORD PTR _array$[ebp+4], 32768 ; 00008000H
  00043	e8 00 00 00 00	 call	 ?InternalLogVariableRecord@@YIPAU_MEMORY_HEADER@@_NPAUuintPtr@@I1PAXIHPAUStruct_Microsoft_Singularity_Eventing_ArrayType@@@Z ; InternalLogVariableRecord

; 144  : }

  00048	8b e5		 mov	 esp, ebp
  0004a	5d		 pop	 ebp
  0004b	c3		 ret	 0
?g_LogRoots@Class_Microsoft_Singularity_GCProfilerLogger_ProfilerBuffer@@SIXIPAPAUuintPtr@@@Z ENDP ; Class_Microsoft_Singularity_GCProfilerLogger_ProfilerBuffer::g_LogRoots
_TEXT	ENDS
END
