; Listing generated by Microsoft (R) Optimizing Compiler Version 14.00.50727.762 

	TITLE	C:\Users\cc\source\repos\Singularity-OS\base\Kernel\Native\Platform.cpp
	.686P
	.XMM
	include listing.inc
	.model	flat

INCLUDELIB LIBCMT
INCLUDELIB OLDNAMES

PUBLIC	?g_NativeKill@Class_Microsoft_Singularity_Hal_Platform@@SIXH@Z ; Class_Microsoft_Singularity_Hal_Platform::g_NativeKill
EXTRN	?c_thePlatform@Class_Microsoft_Singularity_Hal_Platform@@2PAU1@A:DWORD ; Class_Microsoft_Singularity_Hal_Platform::c_thePlatform
; Function compile flags: /Ogtp
; File c:\users\cc\source\repos\singularity-os\base\kernel\native\platform.cpp
;	COMDAT ?g_NativeKill@Class_Microsoft_Singularity_Hal_Platform@@SIXH@Z
_TEXT	SEGMENT
?g_NativeKill@Class_Microsoft_Singularity_Hal_Platform@@SIXH@Z PROC ; Class_Microsoft_Singularity_Hal_Platform::g_NativeKill, COMDAT
; _action$ = ecx

; 16   :     Class_Microsoft_Singularity_Hal_Platform::c_thePlatform->KillAction = action;

  00000	a1 00 00 00 00	 mov	 eax, DWORD PTR ?c_thePlatform@Class_Microsoft_Singularity_Hal_Platform@@2PAU1@A ; Class_Microsoft_Singularity_Hal_Platform::c_thePlatform
  00005	89 88 c4 00 00
	00		 mov	 DWORD PTR [eax+196], ecx

; 17   : 
; 18   :     void (__cdecl *pfKill)(void) = (void (__cdecl *)(void))Class_Microsoft_Singularity_Hal_Platform::c_thePlatform->Kill32;
; 19   : 
; 20   :     pfKill();

  0000b	8b 0d 00 00 00
	00		 mov	 ecx, DWORD PTR ?c_thePlatform@Class_Microsoft_Singularity_Hal_Platform@@2PAU1@A ; Class_Microsoft_Singularity_Hal_Platform::c_thePlatform
  00011	8b 91 bc 00 00
	00		 mov	 edx, DWORD PTR [ecx+188]
  00017	ff d2		 call	 edx

; 21   :     __debugbreak();

  00019	cc		 int	 3

; 22   : }

  0001a	c3		 ret	 0
?g_NativeKill@Class_Microsoft_Singularity_Hal_Platform@@SIXH@Z ENDP ; Class_Microsoft_Singularity_Hal_Platform::g_NativeKill
_TEXT	ENDS
END
